# JRE version: Java(TM) SE Runtime Environment (8.0_261-b12) (build 1.8.0_261-b12)
# Java VM: Java HotSpot(TM) 64-Bit Server VM (25.261-b12 mixed mode windows-amd64 compressed oops)
Heap:
 PSYoungGen      total 122880K, used 39905K [0x00000000db200000, 0x00000000e3200000, 0x0000000100000000)
  eden space 114688K, 27% used [0x00000000db200000,0x00000000dd0fc680,0x00000000e2200000)
  from space 8192K, 99% used [0x00000000e2200000,0x00000000e29fbe98,0x00000000e2a00000)
  to   space 8192K, 0% used [0x00000000e2a00000,0x00000000e2a00000,0x00000000e3200000)
 ParOldGen       total 41984K, used 6562K [0x0000000091600000, 0x0000000093f00000, 0x00000000db200000)
  object space 41984K, 15% used [0x0000000091600000,0x0000000091c68b28,0x0000000093f00000)
 Metaspace       used 30854K, capacity 32680K, committed 32768K, reserved 1077248K
  class space    used 3954K, capacity 4278K, committed 4352K, reserved 1048576K
GC Heap History (10 events):
Event: 2.802 GC heap before
{Heap before GC invocations=4 (full 0):
 PSYoungGen      total 33280K, used 33247K [0x00000000db200000, 0x00000000df300000, 0x0000000100000000)
  eden space 28672K, 99% used [0x00000000db200000,0x00000000dcdff570,0x00000000dce00000)
  from space 4608K, 99% used [0x00000000dce00000,0x00000000dd278948,0x00000000dd280000)
  to   space 4608K, 0% used [0x00000000dee80000,0x00000000dee80000,0x00000000df300000)
 ParOldGen       total 76800K, used 3192K [0x0000000091600000, 0x0000000096100000, 0x00000000db200000)
  object space 76800K, 4% used [0x0000000091600000,0x000000009191e128,0x0000000096100000)
 Metaspace       used 17994K, capacity 18682K, committed 18944K, reserved 1064960K
  class space    used 2273K, capacity 2445K, committed 2560K, reserved 1048576K
Event: 2.813 GC heap after
Heap after GC invocations=4 (full 0):
 PSYoungGen      total 61952K, used 4596K [0x00000000db200000, 0x00000000df300000, 0x0000000100000000)
  eden space 57344K, 0% used [0x00000000db200000,0x00000000db200000,0x00000000dea00000)
  from space 4608K, 99% used [0x00000000dee80000,0x00000000df2fd388,0x00000000df300000)
  to   space 4608K, 0% used [0x00000000dea00000,0x00000000dea00000,0x00000000dee80000)
 ParOldGen       total 76800K, used 3626K [0x0000000091600000, 0x0000000096100000, 0x00000000db200000)
  object space 76800K, 4% used [0x0000000091600000,0x000000009198ab50,0x0000000096100000)
 Metaspace       used 17994K, capacity 18682K, committed 18944K, reserved 1064960K
  class space    used 2273K, capacity 2445K, committed 2560K, reserved 1048576K
}
Event: 3.419 GC heap before
{Heap before GC invocations=5 (full 0):
 PSYoungGen      total 61952K, used 61940K [0x00000000db200000, 0x00000000df300000, 0x0000000100000000)
  eden space 57344K, 100% used [0x00000000db200000,0x00000000dea00000,0x00000000dea00000)
  from space 4608K, 99% used [0x00000000dee80000,0x00000000df2fd388,0x00000000df300000)
  to   space 4608K, 0% used [0x00000000dea00000,0x00000000dea00000,0x00000000dee80000)
 ParOldGen       total 76800K, used 3626K [0x0000000091600000, 0x0000000096100000, 0x00000000db200000)
  object space 76800K, 4% used [0x0000000091600000,0x000000009198ab50,0x0000000096100000)
 Metaspace       used 20240K, capacity 21012K, committed 21248K, reserved 1067008K
  class space    used 2519K, capacity 2696K, committed 2816K, reserved 1048576K
Event: 3.431 GC heap after
Heap after GC invocations=5 (full 0):
 PSYoungGen      total 61952K, used 4584K [0x00000000db200000, 0x00000000e3200000, 0x0000000100000000)
  eden space 57344K, 0% used [0x00000000db200000,0x00000000db200000,0x00000000dea00000)
  from space 4608K, 99% used [0x00000000dea00000,0x00000000dee7a308,0x00000000dee80000)
  to   space 8192K, 0% used [0x00000000e2a00000,0x00000000e2a00000,0x00000000e3200000)
 ParOldGen       total 76800K, used 6589K [0x0000000091600000, 0x0000000096100000, 0x00000000db200000)
  object space 76800K, 8% used [0x0000000091600000,0x0000000091c6f648,0x0000000096100000)
 Metaspace       used 20240K, capacity 21012K, committed 21248K, reserved 1067008K
  class space    used 2519K, capacity 2696K, committed 2816K, reserved 1048576K
}
Event: 3.450 GC heap before
{Heap before GC invocations=6 (full 0):
 PSYoungGen      total 61952K, used 6514K [0x00000000db200000, 0x00000000e3200000, 0x0000000100000000)
  eden space 57344K, 3% used [0x00000000db200000,0x00000000db3e2890,0x00000000dea00000)
  from space 4608K, 99% used [0x00000000dea00000,0x00000000dee7a308,0x00000000dee80000)
  to   space 8192K, 0% used [0x00000000e2a00000,0x00000000e2a00000,0x00000000e3200000)
 ParOldGen       total 76800K, used 6589K [0x0000000091600000, 0x0000000096100000, 0x00000000db200000)
  object space 76800K, 8% used [0x0000000091600000,0x0000000091c6f648,0x0000000096100000)
 Metaspace       used 20352K, capacity 21108K, committed 21248K, reserved 1067008K
  class space    used 2535K, capacity 2728K, committed 2816K, reserved 1048576K
Event: 3.460 GC heap after
Heap after GC invocations=6 (full 0):
 PSYoungGen      total 122880K, used 4824K [0x00000000db200000, 0x00000000e3200000, 0x0000000100000000)
  eden space 114688K, 0% used [0x00000000db200000,0x00000000db200000,0x00000000e2200000)
  from space 8192K, 58% used [0x00000000e2a00000,0x00000000e2eb6318,0x00000000e3200000)
  to   space 8192K, 0% used [0x00000000e2200000,0x00000000e2200000,0x00000000e2a00000)
 ParOldGen       total 76800K, used 6597K [0x0000000091600000, 0x0000000096100000, 0x00000000db200000)
  object space 76800K, 8% used [0x0000000091600000,0x0000000091c71648,0x0000000096100000)
 Metaspace       used 20352K, capacity 21108K, committed 21248K, reserved 1067008K
  class space    used 2535K, capacity 2728K, committed 2816K, reserved 1048576K
}
Event: 3.460 GC heap before
{Heap before GC invocations=7 (full 1):
 PSYoungGen      total 122880K, used 4824K [0x00000000db200000, 0x00000000e3200000, 0x0000000100000000)
  eden space 114688K, 0% used [0x00000000db200000,0x00000000db200000,0x00000000e2200000)
  from space 8192K, 58% used [0x00000000e2a00000,0x00000000e2eb6318,0x00000000e3200000)
  to   space 8192K, 0% used [0x00000000e2200000,0x00000000e2200000,0x00000000e2a00000)
 ParOldGen       total 76800K, used 6597K [0x0000000091600000, 0x0000000096100000, 0x00000000db200000)
  object space 76800K, 8% used [0x0000000091600000,0x0000000091c71648,0x0000000096100000)
 Metaspace       used 20352K, capacity 21108K, committed 21248K, reserved 1067008K
  class space    used 2535K, capacity 2728K, committed 2816K, reserved 1048576K
Event: 3.499 GC heap after
Heap after GC invocations=7 (full 1):
 PSYoungGen      total 122880K, used 0K [0x00000000db200000, 0x00000000e3200000, 0x0000000100000000)
  eden space 114688K, 0% used [0x00000000db200000,0x00000000db200000,0x00000000e2200000)
  from space 8192K, 0% used [0x00000000e2a00000,0x00000000e2a00000,0x00000000e3200000)
  to   space 8192K, 0% used [0x00000000e2200000,0x00000000e2200000,0x00000000e2a00000)
 ParOldGen       total 41984K, used 5291K [0x0000000091600000, 0x0000000093f00000, 0x00000000db200000)
  object space 41984K, 12% used [0x0000000091600000,0x0000000091b2af60,0x0000000093f00000)
 Metaspace       used 20352K, capacity 21108K, committed 21248K, reserved 1067008K
  class space    used 2535K, capacity 2728K, committed 2816K, reserved 1048576K
}
Event: 7.123 GC heap before
{Heap before GC invocations=8 (full 1):
 PSYoungGen      total 122880K, used 114688K [0x00000000db200000, 0x00000000e3200000, 0x0000000100000000)
  eden space 114688K, 100% used [0x00000000db200000,0x00000000e2200000,0x00000000e2200000)
  from space 8192K, 0% used [0x00000000e2a00000,0x00000000e2a00000,0x00000000e3200000)
  to   space 8192K, 0% used [0x00000000e2200000,0x00000000e2200000,0x00000000e2a00000)
 ParOldGen       total 41984K, used 5291K [0x0000000091600000, 0x0000000093f00000, 0x00000000db200000)
  object space 41984K, 12% used [0x0000000091600000,0x0000000091b2af60,0x0000000093f00000)
 Metaspace       used 27862K, capacity 29494K, committed 29824K, reserved 1075200K
  class space    used 3568K, capacity 3869K, committed 3968K, reserved 1048576K
Event: 7.143 GC heap after
Heap after GC invocations=8 (full 1):
 PSYoungGen      total 122880K, used 8175K [0x00000000db200000, 0x00000000e3200000, 0x0000000100000000)
  eden space 114688K, 0% used [0x00000000db200000,0x00000000db200000,0x00000000e2200000)
  from space 8192K, 99% used [0x00000000e2200000,0x00000000e29fbe98,0x00000000e2a00000)
  to   space 8192K, 0% used [0x00000000e2a00000,0x00000000e2a00000,0x00000000e3200000)
 ParOldGen       total 41984K, used 6562K [0x0000000091600000, 0x0000000093f00000, 0x00000000db200000)
  object space 41984K, 15% used [0x0000000091600000,0x0000000091c68b28,0x0000000093f00000)
 Metaspace       used 27862K, capacity 29494K, committed 29824K, reserved 1075200K
  class space    used 3568K, capacity 3869K, committed 3968K, reserved 1048576K
}

